<?xml version="1.0" encoding="UTF-8"?>
<!-- Generated by org.testng.reporters.JUnitXMLReporter -->
<testsuite hostname="vinayakayanamah" ignored="0" name="Default test" tests="3" failures="0" timestamp="2020-07-05T15:12:52 IST" time="7.037" errors="0">
  <testcase name="createBooks4mDP" time="5.901" classname="org.qa.api.rahulShetty.addBooks.addBookes"/>
  <testcase name="createBooks4mDP" time="0.433" classname="org.qa.api.rahulShetty.addBooks.addBookes"/>
  <testcase name="createBooks4mDP" time="0.606" classname="org.qa.api.rahulShetty.addBooks.addBookes"/>
</testsuite> <!-- Default test -->
